<?xml version="1.0" encoding="UTF-8"?>
<!-- Generated by org.testng.reporters.JUnitXMLReporter -->
<testsuite ignored="0" hostname="HOMEPC" failures="0" tests="7" name="AllGroupsTest" time="259.126" errors="0" timestamp="2024-07-27T21:03:09 IST">
  <testcase classname="TESTCASES.Case1" name="sample" time="47.858"/>
  <testcase classname="TESTCASES.Case1" name="testing1" time="69.257"/>
  <testcase classname="TESTCASES.Case2" name="testing2" time="42.868"/>
  <testcase classname="TESTCASES.Case2" name="testing3" time="38.449"/>
  <testcase classname="TESTCASES.Case3" name="testing4" time="35.786"/>
  <testcase classname="TESTCASES.Case3" name="testing5" time="13.548"/>
  <testcase classname="TESTCASES.Case3" name="testing6" time="11.077"/>
</testsuite> <!-- AllGroupsTest -->
