<?xml version="1.0" encoding="UTF-8"?>
<testng-results ignored="0" total="5" passed="5" failed="0" skipped="0">
  <reporter-output>
  </reporter-output>
  <suite started-at="2024-07-28T18:03:49 IST" name="DependsOnSuite" finished-at="2024-07-28T18:03:50 IST" duration-ms="767">
    <groups>
    </groups>
    <test started-at="2024-07-28T18:03:49 IST" name="DependsOnTest" finished-at="2024-07-28T18:03:50 IST" duration-ms="767">
      <class name="DependsOnMethods.DependsOnMethodsClass">
        <test-method signature="Login()[pri:0, instance:DependsOnMethods.DependsOnMethodsClass@41d477ed]" started-at="2024-07-28T18:03:49 IST" name="Login" finished-at="2024-07-28T18:03:50 IST" duration-ms="91" status="PASS">
          <reporter-output>
          </reporter-output>
        </test-method> <!-- Login -->
        <test-method signature="AddToCart()[pri:0, instance:DependsOnMethods.DependsOnMethodsClass@41d477ed]" started-at="2024-07-28T18:03:50 IST" name="AddToCart" finished-at="2024-07-28T18:03:50 IST" duration-ms="15" status="PASS">
          <reporter-output>
          </reporter-output>
        </test-method> <!-- AddToCart -->
        <test-method signature="WishList()[pri:0, instance:DependsOnMethods.DependsOnMethodsClass@41d477ed]" started-at="2024-07-28T18:03:50 IST" name="WishList" finished-at="2024-07-28T18:03:50 IST" duration-ms="5" status="PASS">
          <reporter-output>
          </reporter-output>
        </test-method> <!-- WishList -->
        <test-method signature="Payment1()[pri:0, instance:DependsOnMethods.DependsOnMethodsClass@41d477ed]" started-at="2024-07-28T18:03:50 IST" name="Payment1" finished-at="2024-07-28T18:03:50 IST" depends-on-methods="DependsOnMethods.DependsOnMethodsClass.AddToCart, DependsOnMethods.DependsOnMethodsClass.Login" duration-ms="25" status="PASS">
          <reporter-output>
          </reporter-output>
        </test-method> <!-- Payment1 -->
        <test-method signature="Payment2()[pri:0, instance:DependsOnMethods.DependsOnMethodsClass@41d477ed]" started-at="2024-07-28T18:03:50 IST" name="Payment2" finished-at="2024-07-28T18:03:50 IST" depends-on-methods="DependsOnMethods.DependsOnMethodsClass.WishList, DependsOnMethods.DependsOnMethodsClass.Login" duration-ms="14" status="PASS">
          <reporter-output>
          </reporter-output>
        </test-method> <!-- Payment2 -->
      </class> <!-- DependsOnMethods.DependsOnMethodsClass -->
    </test> <!-- DependsOnTest -->
  </suite> <!-- DependsOnSuite -->
</testng-results>
