<?xml version="1.0" encoding="UTF-8"?>
<!-- Generated by org.testng.reporters.JUnitXMLReporter -->
<testsuite ignored="0" hostname="HOMEPC" failures="0" tests="6" name="Default test" time="0.393" errors="0" timestamp="2024-07-28T17:31:34 IST">
  <testcase classname="Priority.PriorityClass" name="SignUp" time="0.038"/>
  <testcase classname="Priority.PriorityClass" name="Login" time="0.01"/>
  <testcase classname="Priority.PriorityClass" name="SearchFlight" time="0.009"/>
  <testcase classname="Priority.PriorityClass" name="BookTicket" time="0.006"/>
  <testcase classname="Priority.PriorityClass" name="SaveTicket" time="0.017"/>
  <testcase classname="Priority.PriorityClass" name="Logout" time="0.01"/>
</testsuite> <!-- Default test -->
