<?xml version="1.0" encoding="UTF-8"?>
<!-- Generated by org.testng.reporters.JUnitXMLReporter -->
<testsuite ignored="0" hostname="HOMEPC" failures="0" tests="6" name="DependsOnTest" time="0.501" errors="0" timestamp="2024-07-28T17:59:10 IST">
  <testcase classname="Priority.PriorityClass" name="SignUp" time="0.068"/>
  <testcase classname="Priority.PriorityClass" name="Login" time="0.012"/>
  <testcase classname="Priority.PriorityClass" name="SearchFlight" time="0.019"/>
  <testcase classname="Priority.PriorityClass" name="BookTicket" time="0.009"/>
  <testcase classname="Priority.PriorityClass" name="SaveTicket" time="0.01"/>
  <testcase classname="Priority.PriorityClass" name="Logout" time="0.013"/>
</testsuite> <!-- DependsOnTest -->
