<?xml version="1.0" encoding="UTF-8"?>
<testng-results ignored="0" total="6" passed="6" failed="0" skipped="0">
  <reporter-output>
  </reporter-output>
  <suite started-at="2024-07-28T17:59:10 IST" name="DependsOnSuite" finished-at="2024-07-28T17:59:10 IST" duration-ms="501">
    <groups>
    </groups>
    <test started-at="2024-07-28T17:59:10 IST" name="DependsOnTest" finished-at="2024-07-28T17:59:10 IST" duration-ms="501">
      <class name="Priority.PriorityClass">
        <test-method signature="SignUp()[pri:-1, instance:Priority.PriorityClass@59474f18]" started-at="2024-07-28T17:59:10 IST" name="SignUp" finished-at="2024-07-28T17:59:10 IST" duration-ms="68" status="PASS">
          <reporter-output>
          </reporter-output>
        </test-method> <!-- SignUp -->
        <test-method signature="Login()[pri:0, instance:Priority.PriorityClass@59474f18]" started-at="2024-07-28T17:59:10 IST" name="Login" finished-at="2024-07-28T17:59:10 IST" duration-ms="12" status="PASS">
          <reporter-output>
          </reporter-output>
        </test-method> <!-- Login -->
        <test-method signature="SearchFlight()[pri:1, instance:Priority.PriorityClass@59474f18]" started-at="2024-07-28T17:59:10 IST" name="SearchFlight" finished-at="2024-07-28T17:59:10 IST" duration-ms="19" status="PASS">
          <reporter-output>
          </reporter-output>
        </test-method> <!-- SearchFlight -->
        <test-method signature="BookTicket()[pri:2, instance:Priority.PriorityClass@59474f18]" started-at="2024-07-28T17:59:10 IST" name="BookTicket" finished-at="2024-07-28T17:59:10 IST" duration-ms="9" status="PASS">
          <reporter-output>
          </reporter-output>
        </test-method> <!-- BookTicket -->
        <test-method signature="SaveTicket()[pri:3, instance:Priority.PriorityClass@59474f18]" started-at="2024-07-28T17:59:10 IST" name="SaveTicket" finished-at="2024-07-28T17:59:10 IST" duration-ms="10" status="PASS">
          <reporter-output>
          </reporter-output>
        </test-method> <!-- SaveTicket -->
        <test-method signature="Logout()[pri:4, instance:Priority.PriorityClass@59474f18]" started-at="2024-07-28T17:59:10 IST" name="Logout" finished-at="2024-07-28T17:59:10 IST" duration-ms="13" status="PASS">
          <reporter-output>
          </reporter-output>
        </test-method> <!-- Logout -->
      </class> <!-- Priority.PriorityClass -->
    </test> <!-- DependsOnTest -->
  </suite> <!-- DependsOnSuite -->
</testng-results>
