<?xml version="1.0" encoding="UTF-8"?>
<testsuite xmlns:xsi="http://www.w3.org/2001/XMLSchema-instance" xsi:noNamespaceSchemaLocation="https://maven.apache.org/surefire/maven-surefire-plugin/xsd/surefire-test-report-3.0.xsd" version="3.0" name="TestSuite" time="3.686" tests="2" errors="0" skipped="0" failures="0">
  <properties>
[...]
</properties>
  <testcase name="test6" classname="AnnotationTestNG.TestCase" time="0.013">
    <system-out><![CDATA[BeforeSuite
BeforeTest
BeforeClass
BeforeMethod
Test1
]]></system-out>
    <system-err><![CDATA[SLF4J(W): No SLF4J providers were found.
SLF4J(W): Defaulting to no-operation (NOP) logger implementation
SLF4J(W): See https://www.slf4j.org/codes.html#noProviders for further details.
]]></system-err>
  </testcase>
  <testcase name="test7" classname="AnnotationTestNG.TestCase" time="0.002">
    <system-out><![CDATA[AfterMethod
BeforeMethod
Test2
]]></system-out>
  </testcase>
</testsuite>