<?xml version="1.0" encoding="UTF-8"?>
<testng-results ignored="0" total="2" passed="2" failed="0" skipped="0">
  <reporter-output>
  </reporter-output>
  <suite started-at="2024-07-28T20:15:02 IST" name="Suite" finished-at="2024-07-28T20:15:03 IST" duration-ms="229">
    <groups>
    </groups>
    <test started-at="2024-07-28T20:15:02 IST" name="Test" finished-at="2024-07-28T20:15:03 IST" duration-ms="229">
      <class name="AnnotationTestNG.TestCase">
        <test-method is-config="true" signature="test1()[pri:0, instance:AnnotationTestNG.TestCase@158d2680]" started-at="2024-07-28T20:15:02 IST" name="test1" finished-at="2024-07-28T20:15:02 IST" duration-ms="42" status="PASS">
          <reporter-output>
          </reporter-output>
        </test-method> <!-- test1 -->
        <test-method is-config="true" signature="test2()[pri:0, instance:AnnotationTestNG.TestCase@158d2680]" started-at="2024-07-28T20:15:02 IST" name="test2" finished-at="2024-07-28T20:15:02 IST" duration-ms="2" status="PASS">
          <reporter-output>
          </reporter-output>
        </test-method> <!-- test2 -->
        <test-method is-config="true" signature="test3()[pri:0, instance:AnnotationTestNG.TestCase@158d2680]" started-at="2024-07-28T20:15:03 IST" name="test3" finished-at="2024-07-28T20:15:03 IST" duration-ms="1" status="PASS">
          <reporter-output>
          </reporter-output>
        </test-method> <!-- test3 -->
        <test-method is-config="true" signature="test5()[pri:0, instance:AnnotationTestNG.TestCase@158d2680]" started-at="2024-07-28T20:15:03 IST" name="test5" finished-at="2024-07-28T20:15:03 IST" duration-ms="3" status="PASS">
          <reporter-output>
          </reporter-output>
        </test-method> <!-- test5 -->
        <test-method signature="test6()[pri:0, instance:AnnotationTestNG.TestCase@158d2680]" started-at="2024-07-28T20:15:03 IST" name="test6" finished-at="2024-07-28T20:15:03 IST" duration-ms="10" status="PASS">
          <reporter-output>
          </reporter-output>
        </test-method> <!-- test6 -->
        <test-method is-config="true" signature="test8()[pri:0, instance:AnnotationTestNG.TestCase@158d2680]" started-at="2024-07-28T20:15:03 IST" name="test8" finished-at="2024-07-28T20:15:03 IST" duration-ms="6" status="PASS">
          <reporter-output>
          </reporter-output>
        </test-method> <!-- test8 -->
        <test-method is-config="true" signature="test5()[pri:0, instance:AnnotationTestNG.TestCase@158d2680]" started-at="2024-07-28T20:15:03 IST" name="test5" finished-at="2024-07-28T20:15:03 IST" duration-ms="2" status="PASS">
          <reporter-output>
          </reporter-output>
        </test-method> <!-- test5 -->
        <test-method signature="test7()[pri:0, instance:AnnotationTestNG.TestCase@158d2680]" started-at="2024-07-28T20:15:03 IST" name="test7" finished-at="2024-07-28T20:15:03 IST" duration-ms="4" status="PASS">
          <reporter-output>
          </reporter-output>
        </test-method> <!-- test7 -->
        <test-method is-config="true" signature="test8()[pri:0, instance:AnnotationTestNG.TestCase@158d2680]" started-at="2024-07-28T20:15:03 IST" name="test8" finished-at="2024-07-28T20:15:03 IST" duration-ms="2" status="PASS">
          <reporter-output>
          </reporter-output>
        </test-method> <!-- test8 -->
        <test-method is-config="true" signature="test9()[pri:0, instance:AnnotationTestNG.TestCase@158d2680]" started-at="2024-07-28T20:15:03 IST" name="test9" finished-at="2024-07-28T20:15:03 IST" duration-ms="3" status="PASS">
          <reporter-output>
          </reporter-output>
        </test-method> <!-- test9 -->
        <test-method is-config="true" signature="test10()[pri:0, instance:AnnotationTestNG.TestCase@158d2680]" started-at="2024-07-28T20:15:03 IST" name="test10" finished-at="2024-07-28T20:15:03 IST" duration-ms="3" status="PASS">
          <reporter-output>
          </reporter-output>
        </test-method> <!-- test10 -->
        <test-method is-config="true" signature="test11()[pri:0, instance:AnnotationTestNG.TestCase@158d2680]" started-at="2024-07-28T20:15:03 IST" name="test11" finished-at="2024-07-28T20:15:03 IST" duration-ms="2" status="PASS">
          <reporter-output>
          </reporter-output>
        </test-method> <!-- test11 -->
      </class> <!-- AnnotationTestNG.TestCase -->
    </test> <!-- Test -->
  </suite> <!-- Suite -->
</testng-results>
