<?xml version="1.0" encoding="UTF-8"?>
<!-- Generated by org.testng.reporters.JUnitXMLReporter -->
<testsuite ignored="0" hostname="HOMEPC" failures="0" tests="5" name="DependsOnTest" time="0.349" errors="0" timestamp="2024-07-28T18:09:41 IST">
  <testcase classname="DependsOnMethods.DependsOnMethodsClass" name="Login" time="0.025"/>
  <testcase classname="DependsOnMethods.DependsOnMethodsClass" name="AddToCart" time="0.002"/>
  <testcase classname="DependsOnMethods.DependsOnMethodsClass" name="WishList" time="0.004"/>
  <testcase classname="DependsOnMethods.DependsOnMethodsClass" name="Payment1" time="0.004"/>
  <testcase classname="DependsOnMethods.DependsOnMethodsClass" name="Payment2" time="0.005"/>
</testsuite> <!-- DependsOnTest -->
