<?xml version="1.0" encoding="UTF-8"?>
<!-- Generated by org.testng.reporters.JUnitXMLReporter -->
<testsuite ignored="6" hostname="HOMEPC" failures="0" tests="1" name="SanityTest" time="11.589" errors="0" timestamp="2024-07-27T21:03:21 IST">
  <testcase classname="TESTCASES.Case1" name="sample" time="11.585"/>
  <testcase classname="TESTCASES.Case1" name="testing1" time="0.0">
    <ignored/>
  </testcase> <!-- testing1 -->
  <testcase classname="TESTCASES.Case3" name="testing4" time="0.0">
    <ignored/>
  </testcase> <!-- testing4 -->
  <testcase classname="TESTCASES.Case3" name="testing5" time="0.0">
    <ignored/>
  </testcase> <!-- testing5 -->
  <testcase classname="TESTCASES.Case3" name="testing6" time="0.0">
    <ignored/>
  </testcase> <!-- testing6 -->
  <testcase classname="TESTCASES.Case2" name="testing2" time="0.0">
    <ignored/>
  </testcase> <!-- testing2 -->
  <testcase classname="TESTCASES.Case2" name="testing3" time="0.0">
    <ignored/>
  </testcase> <!-- testing3 -->
</testsuite> <!-- SanityTest -->
