<?xml version="1.0" encoding="UTF-8"?>
<!-- Generated by org.testng.reporters.JUnitXMLReporter -->
<testsuite ignored="5" hostname="HOMEPC" failures="0" tests="2" name="ExcludingTest" time="30.308" errors="0" timestamp="2024-07-27T21:05:22 IST">
  <testcase classname="TESTCASES.Case1" name="sample" time="12.617"/>
  <testcase classname="TESTCASES.Case1" name="testing1" time="17.685"/>
  <testcase classname="TESTCASES.Case2" name="testing3" time="0.0">
    <ignored/>
  </testcase> <!-- testing3 -->
  <testcase classname="TESTCASES.Case3" name="testing4" time="0.0">
    <ignored/>
  </testcase> <!-- testing4 -->
  <testcase classname="TESTCASES.Case2" name="testing2" time="0.0">
    <ignored/>
  </testcase> <!-- testing2 -->
  <testcase classname="TESTCASES.Case3" name="testing6" time="0.0">
    <ignored/>
  </testcase> <!-- testing6 -->
  <testcase classname="TESTCASES.Case3" name="testing5" time="0.0">
    <ignored/>
  </testcase> <!-- testing5 -->
</testsuite> <!-- ExcludingTest -->
