<?xml version="1.0" encoding="UTF-8"?>
<!-- Generated by org.testng.reporters.JUnitXMLReporter -->
<testsuite ignored="2" hostname="HOMEPC" failures="0" tests="5" name="RegressionTest" time="75.826" errors="0" timestamp="2024-07-27T21:04:52 IST">
  <testcase classname="TESTCASES.Case2" name="testing2" time="16.493"/>
  <testcase classname="TESTCASES.Case2" name="testing3" time="16.391"/>
  <testcase classname="TESTCASES.Case3" name="testing4" time="14.142"/>
  <testcase classname="TESTCASES.Case3" name="testing5" time="14.677"/>
  <testcase classname="TESTCASES.Case3" name="testing6" time="14.094"/>
  <testcase classname="TESTCASES.Case1" name="sample" time="0.0">
    <ignored/>
  </testcase> <!-- sample -->
  <testcase classname="TESTCASES.Case1" name="testing1" time="0.0">
    <ignored/>
  </testcase> <!-- testing1 -->
</testsuite> <!-- RegressionTest -->
