<?xml version="1.0" encoding="UTF-8"?>
<testng-results ignored="0" total="4" passed="4" failed="0" skipped="0">
  <reporter-output>
  </reporter-output>
  <suite started-at="2024-07-28T19:02:53 IST" name="Suite" finished-at="2024-07-28T19:04:05 IST" duration-ms="72288">
    <groups>
    </groups>
    <test started-at="2024-07-28T19:02:53 IST" name="Case2and3Test" finished-at="2024-07-28T19:04:05 IST" duration-ms="72217">
      <class name="ParallelExe.Case2">
        <test-method signature="testing3()[pri:0, instance:ParallelExe.Case2@1ff4931d]" started-at="2024-07-28T19:03:28 IST" name="testing3" finished-at="2024-07-28T19:04:05 IST" duration-ms="37446" status="PASS">
          <reporter-output>
          </reporter-output>
        </test-method> <!-- testing3 -->
      </class> <!-- ParallelExe.Case2 -->
      <class name="ParallelExe.Case3">
        <test-method signature="testing4()[pri:0, instance:ParallelExe.Case3@710f4dc7]" started-at="2024-07-28T19:02:53 IST" name="testing4" finished-at="2024-07-28T19:03:28 IST" duration-ms="34598" status="PASS">
          <reporter-output>
          </reporter-output>
        </test-method> <!-- testing4 -->
      </class> <!-- ParallelExe.Case3 -->
    </test> <!-- Case2and3Test -->
    <test started-at="2024-07-28T19:02:53 IST" name="Case1Test" finished-at="2024-07-28T19:04:05 IST" duration-ms="72288">
      <class name="ParallelExe.Case1">
        <test-method signature="testing1()[pri:0, instance:ParallelExe.Case1@3e694b3f]" started-at="2024-07-28T19:02:53 IST" name="testing1" finished-at="2024-07-28T19:03:27 IST" duration-ms="33846" status="PASS">
          <reporter-output>
          </reporter-output>
        </test-method> <!-- testing1 -->
        <test-method signature="testing2()[pri:0, instance:ParallelExe.Case1@3e694b3f]" started-at="2024-07-28T19:03:27 IST" name="testing2" finished-at="2024-07-28T19:04:05 IST" duration-ms="38042" status="PASS">
          <reporter-output>
          </reporter-output>
        </test-method> <!-- testing2 -->
      </class> <!-- ParallelExe.Case1 -->
    </test> <!-- Case1Test -->
  </suite> <!-- Suite -->
</testng-results>
